<?xml version="1.0" encoding="UTF-8"?>
<!-- Generated by org.testng.reporters.JUnitReportReporter -->
<testsuite hostname="DESKTOP-2A362MI" failures="0" tests="1" name="com.obsqura.tests.SearchProductTest" time="50.942" errors="0" timestamp="2023-09-02T22:22:49 IST" skipped="0">
  <testcase classname="com.obsqura.tests.SearchProductTest" name="MySearchProductTest" time="50.942"/>
</testsuite> <!-- com.obsqura.tests.SearchProductTest -->
